
#### 4. `mint_bot.log`
File ini akan dibuat otomatis saat bot dijalankan dan tidak perlu diubah manual.

---

### Verifikasi dan Penyesuaian
1. **RPC URL**:
   - Anda mengganti RPC menjadi `https://testnet-rpc.monad.xyz`, yang kemungkinan lebih akurat berdasarkan sumber Anda. Ini sudah diperbarui di kode dan `.env`.
   - Kode tetap menggunakan `os.getenv` dengan nilai default, jadi jika `.env` kosong, bot akan menggunakan `https://testnet-rpc.monad.xyz`.

2. **Chain ID**:
   - Chain ID tetap 1312, yang diasumsikan untuk Monad Testnet. Jika `https://testnet-rpc.monad.xyz` atau repositori `MintingMonadNFT` menunjukkan chain ID berbeda, Anda perlu mengubah `'chainId': 1312` di fungsi `mint_nft`.

3. **Koneksi**:
   - Kode memverifikasi koneksi RPC dengan `w3.is_connected()`. Jika koneksi gagal dengan RPC baru, Anda akan melihat pesan error di log.

4. **Tes**:
   - Jalankan bot dengan RPC baru untuk memastikan koneksi berhasil:
     ```bash
     python magic_eden_mint_bot.py
     ```
   - Cek `mint_bot.log` untuk pesan seperti "Terhubung ke Monad Testnet".

---

### Apakah Ada yang Perlu Ditambahkan Lagi?
Berdasarkan perubahan Anda (RPC baru), berikut adalah beberapa hal yang mungkin perlu diperhatikan:
1. **Validasi RPC**:
   - Pastikan `https://testnet-rpc.monad.xyz` aktif dan publik. Anda bisa tes manual dengan:
     ```python
     from web3 import Web3
     w3 = Web3(Web3.HTTPProvider("https://testnet-rpc.monad.xyz"))
     print(w3.is_connected())
     ```
   - Jika tidak terhubung, cari RPC alternatif dari dokumentasi Monad.

2. **Sinkronisasi dengan `MintingMonadNFT`**:
   - Jika repositori `https://github.com/memelljk/MintingMonadNFT` memiliki kontrak spesifik atau ABI yang berbeda, Anda perlu memperbarui `CONTRACT_ABI` atau hardcode alamat kontrak di kode.

3. **Keandalan**:
   - RPC baru mungkin memiliki batas rate limit. Jika bot sering gagal, tambahkan retry logic:
     ```python
     def mint_nft(contract_address, price, quantity=1, retries=3):
         for attempt in range(retries):
             try:
                 # ... kode minting ...
                 break
             except Exception as e:
                 logging.error(f"Attempt {attempt + 1} failed: {e}")
                 time.sleep(5)
     ```

---

### Kesimpulan
Dengan RPC URL diperbarui ke `https://testnet-rpc.monad.xyz`, kode Anda sekarang lebih selaras dengan sumber yang Anda gunakan. Secara teknis, ini sudah benar untuk:
- Menghubungkan ke Monad Testnet.
- Scraping Magic Eden untuk harga dan kontrak.
- Minting NFT.

**Langkah Selanjutnya**:
- Tes bot dengan RPC baru dan pastikan koneksi stabil.
- Jika Anda menemukan chain ID atau ABI spesifik dari `MintingMonadNFT`, beri tahu saya untuk penyesuaian lebih lanjut.
- Jika ada error saat menjalankan, bagikan pesan dari `mint_bot.log`, dan saya akan bantu perbaiki.

Apakah Anda ingin langsung mencoba bot ini atau ada hal lain yang ingin diperiksa?
